# JRE version: 7.0_11-b21
# Java VM: Java HotSpot(TM) 64-Bit Server VM (23.6-b04 mixed mode windows-amd64 compressed oops)
Heap
 PSYoungGen      total 82048K, used 19072K [0x00000000fa000000, 0x00000000ff510000, 0x0000000100000000)
  eden space 76992K, 20% used [0x00000000fa000000,0x00000000faf16448,0x00000000feb30000)
  from space 5056K, 71% used [0x00000000ff020000,0x00000000ff3a9f40,0x00000000ff510000)
  to   space 5056K, 0% used [0x00000000feb30000,0x00000000feb30000,0x00000000ff020000)
 ParOldGen       total 123584K, used 88745K [0x00000000e8000000, 0x00000000ef8b0000, 0x00000000fa000000)
  object space 123584K, 71% used [0x00000000e8000000,0x00000000ed6aa408,0x00000000ef8b0000)
 PSPermGen       total 110592K, used 61770K [0x00000000e0000000, 0x00000000e6c00000, 0x00000000e8000000)
  object space 110592K, 55% used [0x00000000e0000000,0x00000000e3c529b8,0x00000000e6c00000)
GC Heap History (10 events):
Event: 11741.152 GC heap before
{Heap before GC invocations=2255 (full 3):
 PSYoungGen      total 81024K, used 78300K [0x00000000fa000000, 0x00000000ff420000, 0x0000000100000000)
  eden space 76096K, 100% used [0x00000000fa000000,0x00000000fea50000,0x00000000fea50000)
  from space 4928K, 44% used [0x00000000fea50000,0x00000000fec77248,0x00000000fef20000)
  to   space 4864K, 0% used [0x00000000fef60000,0x00000000fef60000,0x00000000ff420000)
 ParOldGen       total 123584K, used 88362K [0x00000000e8000000, 0x00000000ef8b0000, 0x00000000fa000000)
  object space 123584K, 71% used [0x00000000e8000000,0x00000000ed64a910,0x00000000ef8b0000)
 PSPermGen       total 110592K, used 61683K [0x00000000e0000000, 0x00000000e6c00000, 0x00000000e8000000)
  object space 110592K, 55% used [0x00000000e0000000,0x00000000e3c3cca0,0x00000000e6c00000)
Event: 11741.197 GC heap after
Heap after GC invocations=2255 (full 3):
 PSYoungGen      total 81088K, used 3845K [0x00000000fa000000, 0x00000000ff4a0000, 0x0000000100000000)
  eden space 76224K, 0% used [0x00000000fa000000,0x00000000fa000000,0x00000000fea70000)
  from space 4864K, 79% used [0x00000000fef60000,0x00000000ff3214d0,0x00000000ff420000)
  to   space 5056K, 0% used [0x00000000fea70000,0x00000000fea70000,0x00000000fef60000)
 ParOldGen       total 123584K, used 88426K [0x00000000e8000000, 0x00000000ef8b0000, 0x00000000fa000000)
  object space 123584K, 71% used [0x00000000e8000000,0x00000000ed65a910,0x00000000ef8b0000)
 PSPermGen       total 110592K, used 61683K [0x00000000e0000000, 0x00000000e6c00000, 0x00000000e8000000)
  object space 110592K, 55% used [0x00000000e0000000,0x00000000e3c3cca0,0x00000000e6c00000)
}
Event: 11800.013 GC heap before
{Heap before GC invocations=2256 (full 3):
 PSYoungGen      total 81088K, used 80069K [0x00000000fa000000, 0x00000000ff4a0000, 0x0000000100000000)
  eden space 76224K, 100% used [0x00000000fa000000,0x00000000fea70000,0x00000000fea70000)
  from space 4864K, 79% used [0x00000000fef60000,0x00000000ff3214d0,0x00000000ff420000)
  to   space 5056K, 0% used [0x00000000fea70000,0x00000000fea70000,0x00000000fef60000)
 ParOldGen       total 123584K, used 88426K [0x00000000e8000000, 0x00000000ef8b0000, 0x00000000fa000000)
  object space 123584K, 71% used [0x00000000e8000000,0x00000000ed65a910,0x00000000ef8b0000)
 PSPermGen       total 110592K, used 61688K [0x00000000e0000000, 0x00000000e6c00000, 0x00000000e8000000)
  object space 110592K, 55% used [0x00000000e0000000,0x00000000e3c3e1c0,0x00000000e6c00000)
Event: 11800.045 GC heap after
Heap after GC invocations=2256 (full 3):
 PSYoungGen      total 81280K, used 3587K [0x00000000fa000000, 0x00000000ff4d0000, 0x0000000100000000)
  eden space 76224K, 0% used [0x00000000fa000000,0x00000000fa000000,0x00000000fea70000)
  from space 5056K, 70% used [0x00000000fea70000,0x00000000fedf0d28,0x00000000fef60000)
  to   space 5120K, 0% used [0x00000000fefd0000,0x00000000fefd0000,0x00000000ff4d0000)
 ParOldGen       total 123584K, used 88458K [0x00000000e8000000, 0x00000000ef8b0000, 0x00000000fa000000)
  object space 123584K, 71% used [0x00000000e8000000,0x00000000ed662910,0x00000000ef8b0000)
 PSPermGen       total 110592K, used 61688K [0x00000000e0000000, 0x00000000e6c00000, 0x00000000e8000000)
  object space 110592K, 55% used [0x00000000e0000000,0x00000000e3c3e1c0,0x00000000e6c00000)
}
Event: 11835.909 GC heap before
{Heap before GC invocations=2257 (full 3):
 PSYoungGen      total 81280K, used 79811K [0x00000000fa000000, 0x00000000ff4d0000, 0x0000000100000000)
  eden space 76224K, 100% used [0x00000000fa000000,0x00000000fea70000,0x00000000fea70000)
  from space 5056K, 70% used [0x00000000fea70000,0x00000000fedf0d28,0x00000000fef60000)
  to   space 5120K, 0% used [0x00000000fefd0000,0x00000000fefd0000,0x00000000ff4d0000)
 ParOldGen       total 123584K, used 88458K [0x00000000e8000000, 0x00000000ef8b0000, 0x00000000fa000000)
  object space 123584K, 71% used [0x00000000e8000000,0x00000000ed662910,0x00000000ef8b0000)
 PSPermGen       total 110592K, used 61688K [0x00000000e0000000, 0x00000000e6c00000, 0x00000000e8000000)
  object space 110592K, 55% used [0x00000000e0000000,0x00000000e3c3e2f0,0x00000000e6c00000)
Event: 11835.945 GC heap after
Heap after GC invocations=2257 (full 3):
 PSYoungGen      total 81728K, used 3575K [0x00000000fa000000, 0x00000000ff4d0000, 0x0000000100000000)
  eden space 76608K, 0% used [0x00000000fa000000,0x00000000fa000000,0x00000000fead0000)
  from space 5120K, 69% used [0x00000000fefd0000,0x00000000ff34dc48,0x00000000ff4d0000)
  to   space 5120K, 0% used [0x00000000fead0000,0x00000000fead0000,0x00000000fefd0000)
 ParOldGen       total 123584K, used 88673K [0x00000000e8000000, 0x00000000ef8b0000, 0x00000000fa000000)
  object space 123584K, 71% used [0x00000000e8000000,0x00000000ed698408,0x00000000ef8b0000)
 PSPermGen       total 110592K, used 61688K [0x00000000e0000000, 0x00000000e6c00000, 0x00000000e8000000)
  object space 110592K, 55% used [0x00000000e0000000,0x00000000e3c3e2f0,0x00000000e6c00000)
}
Event: 11894.602 GC heap before
{Heap before GC invocations=2258 (full 3):
 PSYoungGen      total 81728K, used 80183K [0x00000000fa000000, 0x00000000ff4d0000, 0x0000000100000000)
  eden space 76608K, 100% used [0x00000000fa000000,0x00000000fead0000,0x00000000fead0000)
  from space 5120K, 69% used [0x00000000fefd0000,0x00000000ff34dc48,0x00000000ff4d0000)
  to   space 5120K, 0% used [0x00000000fead0000,0x00000000fead0000,0x00000000fefd0000)
 ParOldGen       total 123584K, used 88673K [0x00000000e8000000, 0x00000000ef8b0000, 0x00000000fa000000)
  object space 123584K, 71% used [0x00000000e8000000,0x00000000ed698408,0x00000000ef8b0000)
 PSPermGen       total 110592K, used 61695K [0x00000000e0000000, 0x00000000e6c00000, 0x00000000e8000000)
  object space 110592K, 55% used [0x00000000e0000000,0x00000000e3c3fd60,0x00000000e6c00000)
Event: 11894.625 GC heap after
Heap after GC invocations=2258 (full 3):
 PSYoungGen      total 81728K, used 3495K [0x00000000fa000000, 0x00000000ff510000, 0x0000000100000000)
  eden space 76608K, 0% used [0x00000000fa000000,0x00000000fa000000,0x00000000fead0000)
  from space 5120K, 68% used [0x00000000fead0000,0x00000000fee39ef0,0x00000000fefd0000)
  to   space 5056K, 0% used [0x00000000ff020000,0x00000000ff020000,0x00000000ff510000)
 ParOldGen       total 123584K, used 88705K [0x00000000e8000000, 0x00000000ef8b0000, 0x00000000fa000000)
  object space 123584K, 71% used [0x00000000e8000000,0x00000000ed6a0408,0x00000000ef8b0000)
 PSPermGen       total 110592K, used 61695K [0x00000000e0000000, 0x00000000e6c00000, 0x00000000e8000000)
  object space 110592K, 55% used [0x00000000e0000000,0x00000000e3c3fd60,0x00000000e6c00000)
}
Event: 11947.649 GC heap before
{Heap before GC invocations=2259 (full 3):
 PSYoungGen      total 81728K, used 80103K [0x00000000fa000000, 0x00000000ff510000, 0x0000000100000000)
  eden space 76608K, 100% used [0x00000000fa000000,0x00000000fead0000,0x00000000fead0000)
  from space 5120K, 68% used [0x00000000fead0000,0x00000000fee39ef0,0x00000000fefd0000)
  to   space 5056K, 0% used [0x00000000ff020000,0x00000000ff020000,0x00000000ff510000)
 ParOldGen       total 123584K, used 88705K [0x00000000e8000000, 0x00000000ef8b0000, 0x00000000fa000000)
  object space 123584K, 71% used [0x00000000e8000000,0x00000000ed6a0408,0x00000000ef8b0000)
 PSPermGen       total 110592K, used 61767K [0x00000000e0000000, 0x00000000e6c00000, 0x00000000e8000000)
  object space 110592K, 55% used [0x00000000e0000000,0x00000000e3c51c28,0x00000000e6c00000)
Event: 11947.696 GC heap after
Heap after GC invocations=2259 (full 3):
 PSYoungGen      total 82048K, used 3623K [0x00000000fa000000, 0x00000000ff510000, 0x0000000100000000)
  eden space 76992K, 0% used [0x00000000fa000000,0x00000000fa000000,0x00000000feb30000)
  from space 5056K, 71% used [0x00000000ff020000,0x00000000ff3a9f40,0x00000000ff510000)
  to   space 5056K, 0% used [0x00000000feb30000,0x00000000feb30000,0x00000000ff020000)
 ParOldGen       total 123584K, used 88745K [0x00000000e8000000, 0x00000000ef8b0000, 0x00000000fa000000)
  object space 123584K, 71% used [0x00000000e8000000,0x00000000ed6aa408,0x00000000ef8b0000)
 PSPermGen       total 110592K, used 61767K [0x00000000e0000000, 0x00000000e6c00000, 0x00000000e8000000)
  object space 110592K, 55% used [0x00000000e0000000,0x00000000e3c51c28,0x00000000e6c00000)
}

