# JRE version: 7.0_11-b21
# Java VM: Java HotSpot(TM) 64-Bit Server VM (23.6-b04 mixed mode windows-amd64 compressed oops)
Heap
 PSYoungGen      total 35712K, used 24871K [0x00000000fa000000, 0x00000000fcd00000, 0x0000000100000000)
  eden space 25984K, 71% used [0x00000000fa000000,0x00000000fb2203e0,0x00000000fb960000)
  from space 9728K, 64% used [0x00000000fc380000,0x00000000fc9a98f8,0x00000000fcd00000)
  to   space 10048K, 0% used [0x00000000fb960000,0x00000000fb960000,0x00000000fc330000)
 ParOldGen       total 294912K, used 262932K [0x00000000e8000000, 0x00000000fa000000, 0x00000000fa000000)
  object space 294912K, 89% used [0x00000000e8000000,0x00000000f80c53e8,0x00000000fa000000)
 PSPermGen       total 71168K, used 71014K [0x00000000e0000000, 0x00000000e4580000, 0x00000000e8000000)
  object space 71168K, 99% used [0x00000000e0000000,0x00000000e4559a48,0x00000000e4580000)
GC Heap History (10 events):
Event: 538795.941 GC heap before
{Heap before GC invocations=1360 (full 55):
 PSYoungGen      total 36160K, used 34115K [0x00000000fa000000, 0x00000000fce80000, 0x0000000100000000)
  eden space 25984K, 100% used [0x00000000fa000000,0x00000000fb960000,0x00000000fb960000)
  from space 10176K, 79% used [0x00000000fb960000,0x00000000fc150fe8,0x00000000fc350000)
  to   space 10752K, 0% used [0x00000000fc400000,0x00000000fc400000,0x00000000fce80000)
 ParOldGen       total 294912K, used 262292K [0x00000000e8000000, 0x00000000fa000000, 0x00000000fa000000)
  object space 294912K, 88% used [0x00000000e8000000,0x00000000f80253e8,0x00000000fa000000)
 PSPermGen       total 71168K, used 70991K [0x00000000e0000000, 0x00000000e4580000, 0x00000000e8000000)
  object space 71168K, 99% used [0x00000000e0000000,0x00000000e4553c38,0x00000000e4580000)
Event: 538795.952 GC heap after
Heap after GC invocations=1360 (full 55):
 PSYoungGen      total 36480K, used 8012K [0x00000000fa000000, 0x00000000fcf40000, 0x0000000100000000)
  eden space 25728K, 0% used [0x00000000fa000000,0x00000000fa000000,0x00000000fb920000)
  from space 10752K, 74% used [0x00000000fc400000,0x00000000fcbd3060,0x00000000fce80000)
  to   space 11136K, 0% used [0x00000000fb920000,0x00000000fb920000,0x00000000fc400000)
 ParOldGen       total 294912K, used 262324K [0x00000000e8000000, 0x00000000fa000000, 0x00000000fa000000)
  object space 294912K, 88% used [0x00000000e8000000,0x00000000f802d3e8,0x00000000fa000000)
 PSPermGen       total 71168K, used 70991K [0x00000000e0000000, 0x00000000e4580000, 0x00000000e8000000)
  object space 71168K, 99% used [0x00000000e0000000,0x00000000e4553c38,0x00000000e4580000)
}
Event: 538800.177 GC heap before
{Heap before GC invocations=1361 (full 55):
 PSYoungGen      total 36480K, used 33740K [0x00000000fa000000, 0x00000000fcf40000, 0x0000000100000000)
  eden space 25728K, 100% used [0x00000000fa000000,0x00000000fb920000,0x00000000fb920000)
  from space 10752K, 74% used [0x00000000fc400000,0x00000000fcbd3060,0x00000000fce80000)
  to   space 11136K, 0% used [0x00000000fb920000,0x00000000fb920000,0x00000000fc400000)
 ParOldGen       total 294912K, used 262324K [0x00000000e8000000, 0x00000000fa000000, 0x00000000fa000000)
  object space 294912K, 88% used [0x00000000e8000000,0x00000000f802d3e8,0x00000000fa000000)
 PSPermGen       total 71168K, used 71002K [0x00000000e0000000, 0x00000000e4580000, 0x00000000e8000000)
  object space 71168K, 99% used [0x00000000e0000000,0x00000000e4556a58,0x00000000e4580000)
Event: 538800.204 GC heap after
Heap after GC invocations=1361 (full 55):
 PSYoungGen      total 36864K, used 7780K [0x00000000fa000000, 0x00000000fcf40000, 0x0000000100000000)
  eden space 25728K, 0% used [0x00000000fa000000,0x00000000fa000000,0x00000000fb920000)
  from space 11136K, 69% used [0x00000000fb920000,0x00000000fc0b9070,0x00000000fc400000)
  to   space 11264K, 0% used [0x00000000fc440000,0x00000000fc440000,0x00000000fcf40000)
 ParOldGen       total 294912K, used 262588K [0x00000000e8000000, 0x00000000fa000000, 0x00000000fa000000)
  object space 294912K, 89% used [0x00000000e8000000,0x00000000f806f3e8,0x00000000fa000000)
 PSPermGen       total 71168K, used 71002K [0x00000000e0000000, 0x00000000e4580000, 0x00000000e8000000)
  object space 71168K, 99% used [0x00000000e0000000,0x00000000e4556a58,0x00000000e4580000)
}
Event: 538800.575 GC heap before
{Heap before GC invocations=1362 (full 55):
 PSYoungGen      total 36864K, used 33508K [0x00000000fa000000, 0x00000000fcf40000, 0x0000000100000000)
  eden space 25728K, 100% used [0x00000000fa000000,0x00000000fb920000,0x00000000fb920000)
  from space 11136K, 69% used [0x00000000fb920000,0x00000000fc0b9070,0x00000000fc400000)
  to   space 11264K, 0% used [0x00000000fc440000,0x00000000fc440000,0x00000000fcf40000)
 ParOldGen       total 294912K, used 262588K [0x00000000e8000000, 0x00000000fa000000, 0x00000000fa000000)
  object space 294912K, 89% used [0x00000000e8000000,0x00000000f806f3e8,0x00000000fa000000)
 PSPermGen       total 71168K, used 71002K [0x00000000e0000000, 0x00000000e4580000, 0x00000000e8000000)
  object space 71168K, 99% used [0x00000000e0000000,0x00000000e4556a58,0x00000000e4580000)
Event: 538800.581 GC heap after
Heap after GC invocations=1362 (full 55):
 PSYoungGen      total 36224K, used 6244K [0x00000000fa000000, 0x00000000fce60000, 0x0000000100000000)
  eden space 25856K, 0% used [0x00000000fa000000,0x00000000fa000000,0x00000000fb940000)
  from space 10368K, 60% used [0x00000000fc440000,0x00000000fca59070,0x00000000fce60000)
  to   space 10816K, 0% used [0x00000000fb940000,0x00000000fb940000,0x00000000fc3d0000)
 ParOldGen       total 294912K, used 262620K [0x00000000e8000000, 0x00000000fa000000, 0x00000000fa000000)
  object space 294912K, 89% used [0x00000000e8000000,0x00000000f80773e8,0x00000000fa000000)
 PSPermGen       total 71168K, used 71002K [0x00000000e0000000, 0x00000000e4580000, 0x00000000e8000000)
  object space 71168K, 99% used [0x00000000e0000000,0x00000000e4556a58,0x00000000e4580000)
}
Event: 538800.718 GC heap before
{Heap before GC invocations=1363 (full 55):
 PSYoungGen      total 36224K, used 32100K [0x00000000fa000000, 0x00000000fce60000, 0x0000000100000000)
  eden space 25856K, 100% used [0x00000000fa000000,0x00000000fb940000,0x00000000fb940000)
  from space 10368K, 60% used [0x00000000fc440000,0x00000000fca59070,0x00000000fce60000)
  to   space 10816K, 0% used [0x00000000fb940000,0x00000000fb940000,0x00000000fc3d0000)
 ParOldGen       total 294912K, used 262620K [0x00000000e8000000, 0x00000000fa000000, 0x00000000fa000000)
  object space 294912K, 89% used [0x00000000e8000000,0x00000000f80773e8,0x00000000fa000000)
 PSPermGen       total 71168K, used 71002K [0x00000000e0000000, 0x00000000e4580000, 0x00000000e8000000)
  object space 71168K, 99% used [0x00000000e0000000,0x00000000e4556a58,0x00000000e4580000)
Event: 538800.725 GC heap after
Heap after GC invocations=1363 (full 55):
 PSYoungGen      total 32000K, used 6092K [0x00000000fa000000, 0x00000000fcda0000, 0x0000000100000000)
  eden space 25856K, 0% used [0x00000000fa000000,0x00000000fa000000,0x00000000fb940000)
  from space 6144K, 99% used [0x00000000fb940000,0x00000000fbf33060,0x00000000fbf40000)
  to   space 10368K, 0% used [0x00000000fc380000,0x00000000fc380000,0x00000000fcda0000)
 ParOldGen       total 294912K, used 262892K [0x00000000e8000000, 0x00000000fa000000, 0x00000000fa000000)
  object space 294912K, 89% used [0x00000000e8000000,0x00000000f80bb3e8,0x00000000fa000000)
 PSPermGen       total 71168K, used 71002K [0x00000000e0000000, 0x00000000e4580000, 0x00000000e8000000)
  object space 71168K, 99% used [0x00000000e0000000,0x00000000e4556a58,0x00000000e4580000)
}
Event: 538823.529 GC heap before
{Heap before GC invocations=1364 (full 55):
 PSYoungGen      total 32000K, used 31948K [0x00000000fa000000, 0x00000000fcda0000, 0x0000000100000000)
  eden space 25856K, 100% used [0x00000000fa000000,0x00000000fb940000,0x00000000fb940000)
  from space 6144K, 99% used [0x00000000fb940000,0x00000000fbf33060,0x00000000fbf40000)
  to   space 10368K, 0% used [0x00000000fc380000,0x00000000fc380000,0x00000000fcda0000)
 ParOldGen       total 294912K, used 262892K [0x00000000e8000000, 0x00000000fa000000, 0x00000000fa000000)
  object space 294912K, 89% used [0x00000000e8000000,0x00000000f80bb3e8,0x00000000fa000000)
 PSPermGen       total 71168K, used 71003K [0x00000000e0000000, 0x00000000e4580000, 0x00000000e8000000)
  object space 71168K, 99% used [0x00000000e0000000,0x00000000e4556e08,0x00000000e4580000)
Event: 538823.536 GC heap after
Heap after GC invocations=1364 (full 55):
 PSYoungGen      total 35712K, used 6310K [0x00000000fa000000, 0x00000000fcd00000, 0x0000000100000000)
  eden space 25984K, 0% used [0x00000000fa000000,0x00000000fa000000,0x00000000fb960000)
  from space 9728K, 64% used [0x00000000fc380000,0x00000000fc9a98f8,0x00000000fcd00000)
  to   space 10048K, 0% used [0x00000000fb960000,0x00000000fb960000,0x00000000fc330000)
 ParOldGen       total 294912K, used 262932K [0x00000000e8000000, 0x00000000fa000000, 0x00000000fa000000)
  object space 294912K, 89% used [0x00000000e8000000,0x00000000f80c53e8,0x00000000fa000000)
 PSPermGen       total 71168K, used 71003K [0x00000000e0000000, 0x00000000e4580000, 0x00000000e8000000)
  object space 71168K, 99% used [0x00000000e0000000,0x00000000e4556e08,0x00000000e4580000)
}

